{"name": "test_log1", "status": "failed", "statusDetails": {"message": "AssertionError: assert 'You are logged in!' in '<html lang=\"en\"><head>\\n        <meta charset=\"utf-8\">\\n        <meta name=\"viewport\" content=\"width=device-width, in...ssage\" style=\"padding: 10px;\">\\n                Page Expired            </div>\\n        </div>\\n    \\n\\n</body></html>'\n +  where '<html lang=\"en\"><head>\\n        <meta charset=\"utf-8\">\\n        <meta name=\"viewport\" content=\"width=device-width, in...ssage\" style=\"padding: 10px;\">\\n                Page Expired            </div>\\n        </div>\\n    \\n\\n</body></html>' = <selenium.webdriver.chrome.webdriver.WebDriver (session=\"27acdda9e5044698880f222bd0061792\")>.page_source", "trace": "test_nav = None\n\n    def test_log1(test_nav):\n        # Navigating to the homepage\n        driver.find_element(By.XPATH, \"//a[contains(text(),'home')]\").click()\n    \n        # Executing the test\n        driver.find_element(By.ID, \"email\").send_keys(user_data[\"email\"])\n        driver.find_element(By.ID, \"password\").send_keys(user_data[\"password\"])\n        driver.find_element(By.XPATH,\"//body/div[@id='app']/div[1]/div[1]/div[1]/div[1]/div[2]/form[1]/div[3]/div[1]/div[1]/label[1]/input[1]\").click()\n        driver.find_element(By.XPATH,\"//button[contains(text(),'Login')]\").click()\n>       assert \"You are logged in!\" in driver.page_source\nE       assert 'You are logged in!' in '<html lang=\"en\"><head>\\n        <meta charset=\"utf-8\">\\n        <meta name=\"viewport\" content=\"width=device-width, in...ssage\" style=\"padding: 10px;\">\\n                Page Expired            </div>\\n        </div>\\n    \\n\\n</body></html>'\nE        +  where '<html lang=\"en\"><head>\\n        <meta charset=\"utf-8\">\\n        <meta name=\"viewport\" content=\"width=device-width, in...ssage\" style=\"padding: 10px;\">\\n                Page Expired            </div>\\n        </div>\\n    \\n\\n</body></html>' = <selenium.webdriver.chrome.webdriver.WebDriver (session=\"27acdda9e5044698880f222bd0061792\")>.page_source\n\nTestcases\\test_Login.py:16: AssertionError"}, "start": 1706862939472, "stop": 1706862943672, "uuid": "d18f6217-4812-451d-a30d-8bb53e4143db", "historyId": "a92e295336acc2a8d3b9fac0699f5a1a", "testCaseId": "a92e295336acc2a8d3b9fac0699f5a1a", "fullName": "Testcases.test_Login#test_log1", "labels": [{"name": "parentSuite", "value": "Testcases"}, {"name": "suite", "value": "test_Login"}, {"name": "host", "value": "EDITH"}, {"name": "thread", "value": "21904-MainThread"}, {"name": "framework", "value": "pytest"}, {"name": "language", "value": "cpython3"}, {"name": "package", "value": "Testcases.test_Login"}]}