{"name": "test_log3", "status": "failed", "statusDetails": {"message": "AssertionError: assert 'Please fill out the field' in '<html lang=\"en\"><head>\\n    <meta charset=\"utf-8\">\\n    <meta http-equiv=\"X-UA-Compatible\" content=\"IE=edge\">\\n    <m...v>\\n    </div>\\n</div>\\n    </div>\\n\\n    <!-- Scripts -->\\n    <script src=\"/js/app.js\"></script>\\n\\n\\n</body></html>'\n +  where '<html lang=\"en\"><head>\\n    <meta charset=\"utf-8\">\\n    <meta http-equiv=\"X-UA-Compatible\" content=\"IE=edge\">\\n    <m...v>\\n    </div>\\n</div>\\n    </div>\\n\\n    <!-- Scripts -->\\n    <script src=\"/js/app.js\"></script>\\n\\n\\n</body></html>' = <selenium.webdriver.chrome.webdriver.WebDriver (session=\"ba9dfac38a600125daa12d00deadcd4f\")>.page_source", "trace": "test_nav = None\n\n    def test_log3(test_nav):\n        # Navigating to the homepage\n        driver.find_element(By.XPATH, \"//a[contains(text(),'home')]\").click()\n    \n        # Executing the test with incorrect credentials\n        driver.find_element(By.ID, \"email\").send_keys()\n        driver.find_element(By.ID, \"password\").send_keys()\n        driver.find_element(By.XPATH, \"//button[contains(text(),'Login')]\").click()\n>       assert \"Please fill out the field\"  in driver.page_source\nE       assert 'Please fill out the field' in '<html lang=\"en\"><head>\\n    <meta charset=\"utf-8\">\\n    <meta http-equiv=\"X-UA-Compatible\" content=\"IE=edge\">\\n    <m...v>\\n    </div>\\n</div>\\n    </div>\\n\\n    <!-- Scripts -->\\n    <script src=\"/js/app.js\"></script>\\n\\n\\n</body></html>'\nE        +  where '<html lang=\"en\"><head>\\n    <meta charset=\"utf-8\">\\n    <meta http-equiv=\"X-UA-Compatible\" content=\"IE=edge\">\\n    <m...v>\\n    </div>\\n</div>\\n    </div>\\n\\n    <!-- Scripts -->\\n    <script src=\"/js/app.js\"></script>\\n\\n\\n</body></html>' = <selenium.webdriver.chrome.webdriver.WebDriver (session=\"ba9dfac38a600125daa12d00deadcd4f\")>.page_source\n\nTestcases\\test_Login.py:39: AssertionError"}, "start": 1706865041610, "stop": 1706865043203, "uuid": "87a25679-2fba-4442-8a5a-70683ce1e355", "historyId": "b124549d4c6ac177de77d5fe6176ab07", "testCaseId": "b124549d4c6ac177de77d5fe6176ab07", "fullName": "Testcases.test_Login#test_log3", "labels": [{"name": "parentSuite", "value": "Testcases"}, {"name": "suite", "value": "test_Login"}, {"name": "host", "value": "EDITH"}, {"name": "thread", "value": "9176-MainThread"}, {"name": "framework", "value": "pytest"}, {"name": "language", "value": "cpython3"}, {"name": "package", "value": "Testcases.test_Login"}]}