{"name": "test_log2", "status": "failed", "statusDetails": {"message": "AssertionError: assert 'You are logged in!' in '<html lang=\"en\"><head>\\n        <meta charset=\"utf-8\">\\n        <meta name=\"viewport\" content=\"width=device-width, in...ssage\" style=\"padding: 10px;\">\\n                Page Expired            </div>\\n        </div>\\n    \\n\\n</body></html>'\n +  where '<html lang=\"en\"><head>\\n        <meta charset=\"utf-8\">\\n        <meta name=\"viewport\" content=\"width=device-width, in...ssage\" style=\"padding: 10px;\">\\n                Page Expired            </div>\\n        </div>\\n    \\n\\n</body></html>' = <selenium.webdriver.chrome.webdriver.WebDriver (session=\"87c14f06296b2b576b25a5caccde7ee1\")>.page_source", "trace": "test_nav = None\n\n    def test_log2(test_nav):\n        # Navigating to the homepage\n        driver.find_element(By.XPATH, \"//a[contains(text(),'home')]\").click()\n    \n        # Executing the test with incorrect credentials\n        driver.find_element(By.ID, \"email\").send_keys(\"incorrect@example.com\")\n        driver.find_element(By.ID, \"password\").send_keys(\"incorrect_passwyyord\")\n        driver.find_element(By.XPATH, \"//button[contains(text(),'Login')]\").click()\n>       assert \"You are logged in!\"  in driver.page_source\nE       assert 'You are logged in!' in '<html lang=\"en\"><head>\\n        <meta charset=\"utf-8\">\\n        <meta name=\"viewport\" content=\"width=device-width, in...ssage\" style=\"padding: 10px;\">\\n                Page Expired            </div>\\n        </div>\\n    \\n\\n</body></html>'\nE        +  where '<html lang=\"en\"><head>\\n        <meta charset=\"utf-8\">\\n        <meta name=\"viewport\" content=\"width=device-width, in...ssage\" style=\"padding: 10px;\">\\n                Page Expired            </div>\\n        </div>\\n    \\n\\n</body></html>' = <selenium.webdriver.chrome.webdriver.WebDriver (session=\"87c14f06296b2b576b25a5caccde7ee1\")>.page_source\n\nTestcases\\test_Login.py:28: AssertionError"}, "start": 1706016651765, "stop": 1706016653625, "uuid": "e984f92e-9e1e-4a77-a5d3-123f42907c47", "historyId": "49f72b01914674e64495e8e566dc2b85", "testCaseId": "49f72b01914674e64495e8e566dc2b85", "fullName": "Testcases.test_Login#test_log2", "labels": [{"name": "parentSuite", "value": "Testcases"}, {"name": "suite", "value": "test_Login"}, {"name": "host", "value": "EDITH"}, {"name": "thread", "value": "15736-MainThread"}, {"name": "framework", "value": "pytest"}, {"name": "language", "value": "cpython3"}, {"name": "package", "value": "Testcases.test_Login"}]}