{"uid":"272ec9495e8ea0bc","name":"test_log3","fullName":"Testcases.test_Login#test_log3","historyId":"b124549d4c6ac177de77d5fe6176ab07","time":{"start":1706018884922,"stop":1706018886164,"duration":1242},"status":"failed","statusMessage":"AssertionError: assert 'Please fill out the field' in '<html lang=\"en\"><head>\\n    <meta charset=\"utf-8\">\\n    <meta http-equiv=\"X-UA-Compatible\" content=\"IE=edge\">\\n    <m...v>\\n    </div>\\n</div>\\n    </div>\\n\\n    <!-- Scripts -->\\n    <script src=\"/js/app.js\"></script>\\n\\n\\n</body></html>'\n +  where '<html lang=\"en\"><head>\\n    <meta charset=\"utf-8\">\\n    <meta http-equiv=\"X-UA-Compatible\" content=\"IE=edge\">\\n    <m...v>\\n    </div>\\n</div>\\n    </div>\\n\\n    <!-- Scripts -->\\n    <script src=\"/js/app.js\"></script>\\n\\n\\n</body></html>' = <selenium.webdriver.chrome.webdriver.WebDriver (session=\"b4f39053209d98b5a8bfce3ed253b452\")>.page_source","statusTrace":"test_nav = None\n\n    def test_log3(test_nav):\n        # Navigating to the homepage\n        driver.find_element(By.XPATH, \"//a[contains(text(),'home')]\").click()\n    \n        # Executing the test with incorrect credentials\n        driver.find_element(By.ID, \"email\").send_keys()\n        driver.find_element(By.ID, \"password\").send_keys()\n        driver.find_element(By.XPATH, \"//button[contains(text(),'Login')]\").click()\n>       assert \"Please fill out the field\"  in driver.page_source\nE       assert 'Please fill out the field' in '<html lang=\"en\"><head>\\n    <meta charset=\"utf-8\">\\n    <meta http-equiv=\"X-UA-Compatible\" content=\"IE=edge\">\\n    <m...v>\\n    </div>\\n</div>\\n    </div>\\n\\n    <!-- Scripts -->\\n    <script src=\"/js/app.js\"></script>\\n\\n\\n</body></html>'\nE        +  where '<html lang=\"en\"><head>\\n    <meta charset=\"utf-8\">\\n    <meta http-equiv=\"X-UA-Compatible\" content=\"IE=edge\">\\n    <m...v>\\n    </div>\\n</div>\\n    </div>\\n\\n    <!-- Scripts -->\\n    <script src=\"/js/app.js\"></script>\\n\\n\\n</body></html>' = <selenium.webdriver.chrome.webdriver.WebDriver (session=\"b4f39053209d98b5a8bfce3ed253b452\")>.page_source\n\nTestcases\\test_Login.py:39: AssertionError","flaky":false,"newFailed":false,"newBroken":false,"newPassed":false,"retriesCount":0,"retriesStatusChange":false,"beforeStages":[{"name":"test_nav","time":{"start":1706018884428,"stop":1706018884920,"duration":492},"status":"passed","steps":[],"attachments":[],"parameters":[],"stepsCount":0,"attachmentsCount":0,"shouldDisplayMessage":false,"hasContent":false,"attachmentStep":false}],"afterStages":[],"labels":[{"name":"parentSuite","value":"Testcases"},{"name":"suite","value":"test_Login"},{"name":"host","value":"EDITH"},{"name":"thread","value":"12192-MainThread"},{"name":"framework","value":"pytest"},{"name":"language","value":"cpython3"},{"name":"package","value":"Testcases.test_Login"},{"name":"resultFormat","value":"allure2"}],"parameters":[],"links":[],"hidden":true,"retry":true,"extra":{"categories":[],"tags":[]},"source":"272ec9495e8ea0bc.json","parameterValues":[]}