{"uid":"49f39a52b38caca3","name":"test_log2","fullName":"Testcases.test_Login#test_log2","historyId":"49f72b01914674e64495e8e566dc2b85","time":{"start":1705922513589,"stop":1705922515150,"duration":1561},"status":"failed","statusMessage":"AssertionError: assert 'You are logged in!' in '<html lang=\"en\"><head>\\n        <meta charset=\"utf-8\">\\n        <meta name=\"viewport\" content=\"width=device-width, in...ssage\" style=\"padding: 10px;\">\\n                Page Expired            </div>\\n        </div>\\n    \\n\\n</body></html>'\n +  where '<html lang=\"en\"><head>\\n        <meta charset=\"utf-8\">\\n        <meta name=\"viewport\" content=\"width=device-width, in...ssage\" style=\"padding: 10px;\">\\n                Page Expired            </div>\\n        </div>\\n    \\n\\n</body></html>' = <selenium.webdriver.chrome.webdriver.WebDriver (session=\"c3170d84d6bee5c7807ed78b24254a2d\")>.page_source","statusTrace":"test_nav = None\n\n    def test_log2(test_nav):\n        # Navigating to the homepage\n        driver.find_element(By.XPATH, \"//a[contains(text(),'home')]\").click()\n    \n        # Executing the test with incorrect credentials\n        driver.find_element(By.ID, \"email\").send_keys(\"incorrect@example.com\")\n        driver.find_element(By.ID, \"password\").send_keys(\"incorrect_passwyyord\")\n        driver.find_element(By.XPATH, \"//button[contains(text(),'Login')]\").click()\n>       assert \"You are logged in!\"  in driver.page_source\nE       assert 'You are logged in!' in '<html lang=\"en\"><head>\\n        <meta charset=\"utf-8\">\\n        <meta name=\"viewport\" content=\"width=device-width, in...ssage\" style=\"padding: 10px;\">\\n                Page Expired            </div>\\n        </div>\\n    \\n\\n</body></html>'\nE        +  where '<html lang=\"en\"><head>\\n        <meta charset=\"utf-8\">\\n        <meta name=\"viewport\" content=\"width=device-width, in...ssage\" style=\"padding: 10px;\">\\n                Page Expired            </div>\\n        </div>\\n    \\n\\n</body></html>' = <selenium.webdriver.chrome.webdriver.WebDriver (session=\"c3170d84d6bee5c7807ed78b24254a2d\")>.page_source\n\nTestcases\\test_Login.py:28: AssertionError","flaky":false,"newFailed":false,"newBroken":false,"newPassed":false,"retriesCount":0,"retriesStatusChange":false,"beforeStages":[{"name":"test_nav","time":{"start":1705922513086,"stop":1705922513589,"duration":503},"status":"passed","steps":[],"attachments":[],"parameters":[],"attachmentsCount":0,"shouldDisplayMessage":false,"attachmentStep":false,"stepsCount":0,"hasContent":false}],"afterStages":[],"labels":[{"name":"parentSuite","value":"Testcases"},{"name":"suite","value":"test_Login"},{"name":"host","value":"INDIA127IE"},{"name":"thread","value":"5652-MainThread"},{"name":"framework","value":"pytest"},{"name":"language","value":"cpython3"},{"name":"package","value":"Testcases.test_Login"},{"name":"resultFormat","value":"allure2"}],"parameters":[],"links":[],"hidden":false,"retry":false,"extra":{"severity":"normal","retries":[],"categories":[{"name":"Product defects","matchedStatuses":[],"flaky":false}],"tags":[]},"source":"49f39a52b38caca3.json","parameterValues":[]}
