{"uid":"52641905e3bd19f2","name":"test_log2","fullName":"Testcases.test_Login#test_log2","historyId":"49f72b01914674e64495e8e566dc2b85","time":{"start":1706016608662,"stop":1706016610756,"duration":2094},"status":"failed","statusMessage":"AssertionError: assert 'You are logged in!' in '<html lang=\"en\"><head>\\n        <meta charset=\"utf-8\">\\n        <meta name=\"viewport\" content=\"width=device-width, in...ssage\" style=\"padding: 10px;\">\\n                Page Expired            </div>\\n        </div>\\n    \\n\\n</body></html>'\n +  where '<html lang=\"en\"><head>\\n        <meta charset=\"utf-8\">\\n        <meta name=\"viewport\" content=\"width=device-width, in...ssage\" style=\"padding: 10px;\">\\n                Page Expired            </div>\\n        </div>\\n    \\n\\n</body></html>' = <selenium.webdriver.chrome.webdriver.WebDriver (session=\"0783b52215df891428130069790e9e28\")>.page_source","statusTrace":"test_nav = None\n\n    def test_log2(test_nav):\n        # Navigating to the homepage\n        driver.find_element(By.XPATH, \"//a[contains(text(),'home')]\").click()\n    \n        # Executing the test with incorrect credentials\n        driver.find_element(By.ID, \"email\").send_keys(\"incorrect@example.com\")\n        driver.find_element(By.ID, \"password\").send_keys(\"incorrect_passwyyord\")\n        driver.find_element(By.XPATH, \"//button[contains(text(),'Login')]\").click()\n>       assert \"You are logged in!\"  in driver.page_source\nE       assert 'You are logged in!' in '<html lang=\"en\"><head>\\n        <meta charset=\"utf-8\">\\n        <meta name=\"viewport\" content=\"width=device-width, in...ssage\" style=\"padding: 10px;\">\\n                Page Expired            </div>\\n        </div>\\n    \\n\\n</body></html>'\nE        +  where '<html lang=\"en\"><head>\\n        <meta charset=\"utf-8\">\\n        <meta name=\"viewport\" content=\"width=device-width, in...ssage\" style=\"padding: 10px;\">\\n                Page Expired            </div>\\n        </div>\\n    \\n\\n</body></html>' = <selenium.webdriver.chrome.webdriver.WebDriver (session=\"0783b52215df891428130069790e9e28\")>.page_source\n\nTestcases\\test_Login.py:28: AssertionError","flaky":false,"newFailed":false,"newBroken":false,"newPassed":false,"retriesCount":0,"retriesStatusChange":false,"beforeStages":[{"name":"test_nav","time":{"start":1706016608153,"stop":1706016608661,"duration":508},"status":"passed","steps":[],"attachments":[],"parameters":[],"stepsCount":0,"attachmentsCount":0,"shouldDisplayMessage":false,"hasContent":false,"attachmentStep":false}],"afterStages":[],"labels":[{"name":"parentSuite","value":"Testcases"},{"name":"suite","value":"test_Login"},{"name":"host","value":"EDITH"},{"name":"thread","value":"8440-MainThread"},{"name":"framework","value":"pytest"},{"name":"language","value":"cpython3"},{"name":"package","value":"Testcases.test_Login"},{"name":"resultFormat","value":"allure2"}],"parameters":[],"links":[],"hidden":true,"retry":true,"extra":{"categories":[],"tags":[]},"source":"52641905e3bd19f2.json","parameterValues":[]}