{"uid":"53002dcbe6b98a8d","name":"test_log1","fullName":"Testcases.test_Login#test_log1","historyId":"a92e295336acc2a8d3b9fac0699f5a1a","time":{"start":1705922506608,"stop":1705922513013,"duration":6405},"status":"failed","statusMessage":"AssertionError: assert 'You are logged in!' in '<html lang=\"en\"><head>\\n        <meta charset=\"utf-8\">\\n        <meta name=\"viewport\" content=\"width=device-width, in...ssage\" style=\"padding: 10px;\">\\n                Page Expired            </div>\\n        </div>\\n    \\n\\n</body></html>'\n +  where '<html lang=\"en\"><head>\\n        <meta charset=\"utf-8\">\\n        <meta name=\"viewport\" content=\"width=device-width, in...ssage\" style=\"padding: 10px;\">\\n                Page Expired            </div>\\n        </div>\\n    \\n\\n</body></html>' = <selenium.webdriver.chrome.webdriver.WebDriver (session=\"c3170d84d6bee5c7807ed78b24254a2d\")>.page_source","statusTrace":"test_nav = None\n\n    def test_log1(test_nav):\n        # Navigating to the homepage\n        driver.find_element(By.XPATH, \"//a[contains(text(),'home')]\").click()\n    \n        # Executing the test\n        driver.find_element(By.ID, \"email\").send_keys(user_data[\"email\"])\n        driver.find_element(By.ID, \"password\").send_keys(user_data[\"password\"])\n        driver.find_element(By.XPATH,\"//body/div[@id='app']/div[1]/div[1]/div[1]/div[1]/div[2]/form[1]/div[3]/div[1]/div[1]/label[1]/input[1]\").click()\n        driver.find_element(By.XPATH,\"//button[contains(text(),'Login')]\").click()\n>       assert \"You are logged in!\" in driver.page_source\nE       assert 'You are logged in!' in '<html lang=\"en\"><head>\\n        <meta charset=\"utf-8\">\\n        <meta name=\"viewport\" content=\"width=device-width, in...ssage\" style=\"padding: 10px;\">\\n                Page Expired            </div>\\n        </div>\\n    \\n\\n</body></html>'\nE        +  where '<html lang=\"en\"><head>\\n        <meta charset=\"utf-8\">\\n        <meta name=\"viewport\" content=\"width=device-width, in...ssage\" style=\"padding: 10px;\">\\n                Page Expired            </div>\\n        </div>\\n    \\n\\n</body></html>' = <selenium.webdriver.chrome.webdriver.WebDriver (session=\"c3170d84d6bee5c7807ed78b24254a2d\")>.page_source\n\nTestcases\\test_Login.py:16: AssertionError","flaky":false,"newFailed":false,"newBroken":false,"newPassed":false,"retriesCount":0,"retriesStatusChange":false,"beforeStages":[{"name":"test_nav","time":{"start":1705922504505,"stop":1705922506607,"duration":2102},"status":"passed","steps":[],"attachments":[],"parameters":[],"attachmentsCount":0,"shouldDisplayMessage":false,"attachmentStep":false,"stepsCount":0,"hasContent":false}],"afterStages":[],"labels":[{"name":"parentSuite","value":"Testcases"},{"name":"suite","value":"test_Login"},{"name":"host","value":"INDIA127IE"},{"name":"thread","value":"5652-MainThread"},{"name":"framework","value":"pytest"},{"name":"language","value":"cpython3"},{"name":"package","value":"Testcases.test_Login"},{"name":"resultFormat","value":"allure2"}],"parameters":[],"links":[],"hidden":false,"retry":false,"extra":{"severity":"normal","retries":[],"categories":[{"name":"Product defects","matchedStatuses":[],"flaky":false}],"tags":[]},"source":"53002dcbe6b98a8d.json","parameterValues":[]}
